[2023-10-24 18:38:36] local.ERROR: Method Illuminate\Database\Schema\Blueprint::number does not exist. {"exception":"[object] (BadMethodCallException(code: 0): Method Illuminate\\Database\\Schema\\Blueprint::number does not exist. at /home/peter/iti/laravel/Pharma-app/vendor/laravel/framework/src/Illuminate/Macroable/Traits/Macroable.php:112)
[stacktrace]
#0 /home/peter/iti/laravel/Pharma-app/database/migrations/2023_10_24_182539_create_deliveries_table.php(21): Illuminate\\Database\\Schema\\Blueprint->__call()
#1 /home/peter/iti/laravel/Pharma-app/vendor/laravel/framework/src/Illuminate/Database/Schema/Builder.php(284): Illuminate\\Database\\Migrations\\Migration@anonymous->{closure}()
#2 /home/peter/iti/laravel/Pharma-app/vendor/laravel/framework/src/Illuminate/Support/helpers.php(307): Illuminate\\Database\\Schema\\Builder->Illuminate\\Database\\Schema\\{closure}()
#3 /home/peter/iti/laravel/Pharma-app/vendor/laravel/framework/src/Illuminate/Database/Schema/Builder.php(281): tap()
#4 /home/peter/iti/laravel/Pharma-app/vendor/laravel/framework/src/Illuminate/Support/Facades/Facade.php(353): Illuminate\\Database\\Schema\\Builder->create()
#5 /home/peter/iti/laravel/Pharma-app/database/migrations/2023_10_24_182539_create_deliveries_table.php(14): Illuminate\\Support\\Facades\\Facade::__callStatic()
#6 /home/peter/iti/laravel/Pharma-app/vendor/laravel/framework/src/Illuminate/Database/Migrations/Migrator.php(493): Illuminate\\Database\\Migrations\\Migration@anonymous->up()
#7 /home/peter/iti/laravel/Pharma-app/vendor/laravel/framework/src/Illuminate/Database/Migrations/Migrator.php(410): Illuminate\\Database\\Migrations\\Migrator->runMethod()
#8 /home/peter/iti/laravel/Pharma-app/vendor/laravel/framework/src/Illuminate/Database/Migrations/Migrator.php(419): Illuminate\\Database\\Migrations\\Migrator->Illuminate\\Database\\Migrations\\{closure}()
#9 /home/peter/iti/laravel/Pharma-app/vendor/laravel/framework/src/Illuminate/Database/Migrations/Migrator.php(216): Illuminate\\Database\\Migrations\\Migrator->runMigration()
#10 /home/peter/iti/laravel/Pharma-app/vendor/laravel/framework/src/Illuminate/Console/View/Components/Task.php(37): Illuminate\\Database\\Migrations\\Migrator->Illuminate\\Database\\Migrations\\{closure}()
#11 /home/peter/iti/laravel/Pharma-app/vendor/laravel/framework/src/Illuminate/Database/Migrations/Migrator.php(756): Illuminate\\Console\\View\\Components\\Task->render()
#12 /home/peter/iti/laravel/Pharma-app/vendor/laravel/framework/src/Illuminate/Database/Migrations/Migrator.php(216): Illuminate\\Database\\Migrations\\Migrator->write()
#13 /home/peter/iti/laravel/Pharma-app/vendor/laravel/framework/src/Illuminate/Database/Migrations/Migrator.php(181): Illuminate\\Database\\Migrations\\Migrator->runUp()
#14 /home/peter/iti/laravel/Pharma-app/vendor/laravel/framework/src/Illuminate/Database/Migrations/Migrator.php(124): Illuminate\\Database\\Migrations\\Migrator->runPending()
#15 /home/peter/iti/laravel/Pharma-app/vendor/laravel/framework/src/Illuminate/Database/Console/Migrations/MigrateCommand.php(90): Illuminate\\Database\\Migrations\\Migrator->run()
#16 /home/peter/iti/laravel/Pharma-app/vendor/laravel/framework/src/Illuminate/Database/Migrations/Migrator.php(633): Illuminate\\Database\\Console\\Migrations\\MigrateCommand->Illuminate\\Database\\Console\\Migrations\\{closure}()
#17 /home/peter/iti/laravel/Pharma-app/vendor/laravel/framework/src/Illuminate/Database/Console/Migrations/MigrateCommand.php(83): Illuminate\\Database\\Migrations\\Migrator->usingConnection()
#18 /home/peter/iti/laravel/Pharma-app/vendor/laravel/framework/src/Illuminate/Container/BoundMethod.php(36): Illuminate\\Database\\Console\\Migrations\\MigrateCommand->handle()
#19 /home/peter/iti/laravel/Pharma-app/vendor/laravel/framework/src/Illuminate/Container/Util.php(41): Illuminate\\Container\\BoundMethod::Illuminate\\Container\\{closure}()
#20 /home/peter/iti/laravel/Pharma-app/vendor/laravel/framework/src/Illuminate/Container/BoundMethod.php(93): Illuminate\\Container\\Util::unwrapIfClosure()
#21 /home/peter/iti/laravel/Pharma-app/vendor/laravel/framework/src/Illuminate/Container/BoundMethod.php(35): Illuminate\\Container\\BoundMethod::callBoundMethod()
#22 /home/peter/iti/laravel/Pharma-app/vendor/laravel/framework/src/Illuminate/Container/Container.php(662): Illuminate\\Container\\BoundMethod::call()
#23 /home/peter/iti/laravel/Pharma-app/vendor/laravel/framework/src/Illuminate/Console/Command.php(211): Illuminate\\Container\\Container->call()
#24 /home/peter/iti/laravel/Pharma-app/vendor/symfony/console/Command/Command.php(326): Illuminate\\Console\\Command->execute()
#25 /home/peter/iti/laravel/Pharma-app/vendor/laravel/framework/src/Illuminate/Console/Command.php(180): Symfony\\Component\\Console\\Command\\Command->run()
#26 /home/peter/iti/laravel/Pharma-app/vendor/symfony/console/Application.php(1081): Illuminate\\Console\\Command->run()
#27 /home/peter/iti/laravel/Pharma-app/vendor/symfony/console/Application.php(320): Symfony\\Component\\Console\\Application->doRunCommand()
#28 /home/peter/iti/laravel/Pharma-app/vendor/symfony/console/Application.php(174): Symfony\\Component\\Console\\Application->doRun()
#29 /home/peter/iti/laravel/Pharma-app/vendor/laravel/framework/src/Illuminate/Foundation/Console/Kernel.php(201): Symfony\\Component\\Console\\Application->run()
#30 /home/peter/iti/laravel/Pharma-app/artisan(35): Illuminate\\Foundation\\Console\\Kernel->handle()
#31 {main}
"} 
[2023-10-24 20:37:17] local.ERROR: Method Illuminate\Database\Schema\Blueprint::number does not exist. {"exception":"[object] (BadMethodCallException(code: 0): Method Illuminate\\Database\\Schema\\Blueprint::number does not exist. at /home/peter/iti/laravel/Pharma-app/vendor/laravel/framework/src/Illuminate/Macroable/Traits/Macroable.php:112)
[stacktrace]
#0 /home/peter/iti/laravel/Pharma-app/database/migrations/2023_10_24_171752_create_pharmacies_table.php(21): Illuminate\\Database\\Schema\\Blueprint->__call()
#1 /home/peter/iti/laravel/Pharma-app/vendor/laravel/framework/src/Illuminate/Database/Schema/Builder.php(284): Illuminate\\Database\\Migrations\\Migration@anonymous->{closure}()
#2 /home/peter/iti/laravel/Pharma-app/vendor/laravel/framework/src/Illuminate/Support/helpers.php(307): Illuminate\\Database\\Schema\\Builder->Illuminate\\Database\\Schema\\{closure}()
#3 /home/peter/iti/laravel/Pharma-app/vendor/laravel/framework/src/Illuminate/Database/Schema/Builder.php(281): tap()
#4 /home/peter/iti/laravel/Pharma-app/vendor/laravel/framework/src/Illuminate/Support/Facades/Facade.php(353): Illuminate\\Database\\Schema\\Builder->create()
#5 /home/peter/iti/laravel/Pharma-app/database/migrations/2023_10_24_171752_create_pharmacies_table.php(14): Illuminate\\Support\\Facades\\Facade::__callStatic()
#6 /home/peter/iti/laravel/Pharma-app/vendor/laravel/framework/src/Illuminate/Database/Migrations/Migrator.php(493): Illuminate\\Database\\Migrations\\Migration@anonymous->up()
#7 /home/peter/iti/laravel/Pharma-app/vendor/laravel/framework/src/Illuminate/Database/Migrations/Migrator.php(410): Illuminate\\Database\\Migrations\\Migrator->runMethod()
#8 /home/peter/iti/laravel/Pharma-app/vendor/laravel/framework/src/Illuminate/Database/Migrations/Migrator.php(419): Illuminate\\Database\\Migrations\\Migrator->Illuminate\\Database\\Migrations\\{closure}()
#9 /home/peter/iti/laravel/Pharma-app/vendor/laravel/framework/src/Illuminate/Database/Migrations/Migrator.php(216): Illuminate\\Database\\Migrations\\Migrator->runMigration()
#10 /home/peter/iti/laravel/Pharma-app/vendor/laravel/framework/src/Illuminate/Console/View/Components/Task.php(37): Illuminate\\Database\\Migrations\\Migrator->Illuminate\\Database\\Migrations\\{closure}()
#11 /home/peter/iti/laravel/Pharma-app/vendor/laravel/framework/src/Illuminate/Database/Migrations/Migrator.php(756): Illuminate\\Console\\View\\Components\\Task->render()
#12 /home/peter/iti/laravel/Pharma-app/vendor/laravel/framework/src/Illuminate/Database/Migrations/Migrator.php(216): Illuminate\\Database\\Migrations\\Migrator->write()
#13 /home/peter/iti/laravel/Pharma-app/vendor/laravel/framework/src/Illuminate/Database/Migrations/Migrator.php(181): Illuminate\\Database\\Migrations\\Migrator->runUp()
#14 /home/peter/iti/laravel/Pharma-app/vendor/laravel/framework/src/Illuminate/Database/Migrations/Migrator.php(124): Illuminate\\Database\\Migrations\\Migrator->runPending()
#15 /home/peter/iti/laravel/Pharma-app/vendor/laravel/framework/src/Illuminate/Database/Console/Migrations/MigrateCommand.php(90): Illuminate\\Database\\Migrations\\Migrator->run()
#16 /home/peter/iti/laravel/Pharma-app/vendor/laravel/framework/src/Illuminate/Database/Migrations/Migrator.php(633): Illuminate\\Database\\Console\\Migrations\\MigrateCommand->Illuminate\\Database\\Console\\Migrations\\{closure}()
#17 /home/peter/iti/laravel/Pharma-app/vendor/laravel/framework/src/Illuminate/Database/Console/Migrations/MigrateCommand.php(83): Illuminate\\Database\\Migrations\\Migrator->usingConnection()
#18 /home/peter/iti/laravel/Pharma-app/vendor/laravel/framework/src/Illuminate/Container/BoundMethod.php(36): Illuminate\\Database\\Console\\Migrations\\MigrateCommand->handle()
#19 /home/peter/iti/laravel/Pharma-app/vendor/laravel/framework/src/Illuminate/Container/Util.php(41): Illuminate\\Container\\BoundMethod::Illuminate\\Container\\{closure}()
#20 /home/peter/iti/laravel/Pharma-app/vendor/laravel/framework/src/Illuminate/Container/BoundMethod.php(93): Illuminate\\Container\\Util::unwrapIfClosure()
#21 /home/peter/iti/laravel/Pharma-app/vendor/laravel/framework/src/Illuminate/Container/BoundMethod.php(35): Illuminate\\Container\\BoundMethod::callBoundMethod()
#22 /home/peter/iti/laravel/Pharma-app/vendor/laravel/framework/src/Illuminate/Container/Container.php(662): Illuminate\\Container\\BoundMethod::call()
#23 /home/peter/iti/laravel/Pharma-app/vendor/laravel/framework/src/Illuminate/Console/Command.php(211): Illuminate\\Container\\Container->call()
#24 /home/peter/iti/laravel/Pharma-app/vendor/symfony/console/Command/Command.php(326): Illuminate\\Console\\Command->execute()
#25 /home/peter/iti/laravel/Pharma-app/vendor/laravel/framework/src/Illuminate/Console/Command.php(180): Symfony\\Component\\Console\\Command\\Command->run()
#26 /home/peter/iti/laravel/Pharma-app/vendor/laravel/framework/src/Illuminate/Console/Concerns/CallsCommands.php(67): Illuminate\\Console\\Command->run()
#27 /home/peter/iti/laravel/Pharma-app/vendor/laravel/framework/src/Illuminate/Console/Concerns/CallsCommands.php(28): Illuminate\\Console\\Command->runCommand()
#28 /home/peter/iti/laravel/Pharma-app/vendor/laravel/framework/src/Illuminate/Database/Console/Migrations/RefreshCommand.php(61): Illuminate\\Console\\Command->call()
#29 /home/peter/iti/laravel/Pharma-app/vendor/laravel/framework/src/Illuminate/Container/BoundMethod.php(36): Illuminate\\Database\\Console\\Migrations\\RefreshCommand->handle()
#30 /home/peter/iti/laravel/Pharma-app/vendor/laravel/framework/src/Illuminate/Container/Util.php(41): Illuminate\\Container\\BoundMethod::Illuminate\\Container\\{closure}()
#31 /home/peter/iti/laravel/Pharma-app/vendor/laravel/framework/src/Illuminate/Container/BoundMethod.php(93): Illuminate\\Container\\Util::unwrapIfClosure()
#32 /home/peter/iti/laravel/Pharma-app/vendor/laravel/framework/src/Illuminate/Container/BoundMethod.php(35): Illuminate\\Container\\BoundMethod::callBoundMethod()
#33 /home/peter/iti/laravel/Pharma-app/vendor/laravel/framework/src/Illuminate/Container/Container.php(662): Illuminate\\Container\\BoundMethod::call()
#34 /home/peter/iti/laravel/Pharma-app/vendor/laravel/framework/src/Illuminate/Console/Command.php(211): Illuminate\\Container\\Container->call()
#35 /home/peter/iti/laravel/Pharma-app/vendor/symfony/console/Command/Command.php(326): Illuminate\\Console\\Command->execute()
#36 /home/peter/iti/laravel/Pharma-app/vendor/laravel/framework/src/Illuminate/Console/Command.php(180): Symfony\\Component\\Console\\Command\\Command->run()
#37 /home/peter/iti/laravel/Pharma-app/vendor/symfony/console/Application.php(1081): Illuminate\\Console\\Command->run()
#38 /home/peter/iti/laravel/Pharma-app/vendor/symfony/console/Application.php(320): Symfony\\Component\\Console\\Application->doRunCommand()
#39 /home/peter/iti/laravel/Pharma-app/vendor/symfony/console/Application.php(174): Symfony\\Component\\Console\\Application->doRun()
#40 /home/peter/iti/laravel/Pharma-app/vendor/laravel/framework/src/Illuminate/Foundation/Console/Kernel.php(201): Symfony\\Component\\Console\\Application->run()
#41 /home/peter/iti/laravel/Pharma-app/artisan(35): Illuminate\\Foundation\\Console\\Kernel->handle()
#42 {main}
"} 
[2023-10-24 20:41:30] local.ERROR: Method Illuminate\Database\Schema\Blueprint::number does not exist. {"exception":"[object] (BadMethodCallException(code: 0): Method Illuminate\\Database\\Schema\\Blueprint::number does not exist. at /home/peter/iti/laravel/Pharma-app/vendor/laravel/framework/src/Illuminate/Macroable/Traits/Macroable.php:112)
[stacktrace]
#0 /home/peter/iti/laravel/Pharma-app/database/migrations/2023_10_24_171752_create_pharmacies_table.php(21): Illuminate\\Database\\Schema\\Blueprint->__call()
#1 /home/peter/iti/laravel/Pharma-app/vendor/laravel/framework/src/Illuminate/Database/Schema/Builder.php(284): Illuminate\\Database\\Migrations\\Migration@anonymous->{closure}()
#2 /home/peter/iti/laravel/Pharma-app/vendor/laravel/framework/src/Illuminate/Support/helpers.php(307): Illuminate\\Database\\Schema\\Builder->Illuminate\\Database\\Schema\\{closure}()
#3 /home/peter/iti/laravel/Pharma-app/vendor/laravel/framework/src/Illuminate/Database/Schema/Builder.php(281): tap()
#4 /home/peter/iti/laravel/Pharma-app/vendor/laravel/framework/src/Illuminate/Support/Facades/Facade.php(353): Illuminate\\Database\\Schema\\Builder->create()
#5 /home/peter/iti/laravel/Pharma-app/database/migrations/2023_10_24_171752_create_pharmacies_table.php(14): Illuminate\\Support\\Facades\\Facade::__callStatic()
#6 /home/peter/iti/laravel/Pharma-app/vendor/laravel/framework/src/Illuminate/Database/Migrations/Migrator.php(493): Illuminate\\Database\\Migrations\\Migration@anonymous->up()
#7 /home/peter/iti/laravel/Pharma-app/vendor/laravel/framework/src/Illuminate/Database/Migrations/Migrator.php(410): Illuminate\\Database\\Migrations\\Migrator->runMethod()
#8 /home/peter/iti/laravel/Pharma-app/vendor/laravel/framework/src/Illuminate/Database/Migrations/Migrator.php(419): Illuminate\\Database\\Migrations\\Migrator->Illuminate\\Database\\Migrations\\{closure}()
#9 /home/peter/iti/laravel/Pharma-app/vendor/laravel/framework/src/Illuminate/Database/Migrations/Migrator.php(216): Illuminate\\Database\\Migrations\\Migrator->runMigration()
#10 /home/peter/iti/laravel/Pharma-app/vendor/laravel/framework/src/Illuminate/Console/View/Components/Task.php(37): Illuminate\\Database\\Migrations\\Migrator->Illuminate\\Database\\Migrations\\{closure}()
#11 /home/peter/iti/laravel/Pharma-app/vendor/laravel/framework/src/Illuminate/Database/Migrations/Migrator.php(756): Illuminate\\Console\\View\\Components\\Task->render()
#12 /home/peter/iti/laravel/Pharma-app/vendor/laravel/framework/src/Illuminate/Database/Migrations/Migrator.php(216): Illuminate\\Database\\Migrations\\Migrator->write()
#13 /home/peter/iti/laravel/Pharma-app/vendor/laravel/framework/src/Illuminate/Database/Migrations/Migrator.php(181): Illuminate\\Database\\Migrations\\Migrator->runUp()
#14 /home/peter/iti/laravel/Pharma-app/vendor/laravel/framework/src/Illuminate/Database/Migrations/Migrator.php(124): Illuminate\\Database\\Migrations\\Migrator->runPending()
#15 /home/peter/iti/laravel/Pharma-app/vendor/laravel/framework/src/Illuminate/Database/Console/Migrations/MigrateCommand.php(90): Illuminate\\Database\\Migrations\\Migrator->run()
#16 /home/peter/iti/laravel/Pharma-app/vendor/laravel/framework/src/Illuminate/Database/Migrations/Migrator.php(633): Illuminate\\Database\\Console\\Migrations\\MigrateCommand->Illuminate\\Database\\Console\\Migrations\\{closure}()
#17 /home/peter/iti/laravel/Pharma-app/vendor/laravel/framework/src/Illuminate/Database/Console/Migrations/MigrateCommand.php(83): Illuminate\\Database\\Migrations\\Migrator->usingConnection()
#18 /home/peter/iti/laravel/Pharma-app/vendor/laravel/framework/src/Illuminate/Container/BoundMethod.php(36): Illuminate\\Database\\Console\\Migrations\\MigrateCommand->handle()
#19 /home/peter/iti/laravel/Pharma-app/vendor/laravel/framework/src/Illuminate/Container/Util.php(41): Illuminate\\Container\\BoundMethod::Illuminate\\Container\\{closure}()
#20 /home/peter/iti/laravel/Pharma-app/vendor/laravel/framework/src/Illuminate/Container/BoundMethod.php(93): Illuminate\\Container\\Util::unwrapIfClosure()
#21 /home/peter/iti/laravel/Pharma-app/vendor/laravel/framework/src/Illuminate/Container/BoundMethod.php(35): Illuminate\\Container\\BoundMethod::callBoundMethod()
#22 /home/peter/iti/laravel/Pharma-app/vendor/laravel/framework/src/Illuminate/Container/Container.php(662): Illuminate\\Container\\BoundMethod::call()
#23 /home/peter/iti/laravel/Pharma-app/vendor/laravel/framework/src/Illuminate/Console/Command.php(211): Illuminate\\Container\\Container->call()
#24 /home/peter/iti/laravel/Pharma-app/vendor/symfony/console/Command/Command.php(326): Illuminate\\Console\\Command->execute()
#25 /home/peter/iti/laravel/Pharma-app/vendor/laravel/framework/src/Illuminate/Console/Command.php(180): Symfony\\Component\\Console\\Command\\Command->run()
#26 /home/peter/iti/laravel/Pharma-app/vendor/laravel/framework/src/Illuminate/Console/Concerns/CallsCommands.php(67): Illuminate\\Console\\Command->run()
#27 /home/peter/iti/laravel/Pharma-app/vendor/laravel/framework/src/Illuminate/Console/Concerns/CallsCommands.php(28): Illuminate\\Console\\Command->runCommand()
#28 /home/peter/iti/laravel/Pharma-app/vendor/laravel/framework/src/Illuminate/Database/Console/Migrations/RefreshCommand.php(61): Illuminate\\Console\\Command->call()
#29 /home/peter/iti/laravel/Pharma-app/vendor/laravel/framework/src/Illuminate/Container/BoundMethod.php(36): Illuminate\\Database\\Console\\Migrations\\RefreshCommand->handle()
#30 /home/peter/iti/laravel/Pharma-app/vendor/laravel/framework/src/Illuminate/Container/Util.php(41): Illuminate\\Container\\BoundMethod::Illuminate\\Container\\{closure}()
#31 /home/peter/iti/laravel/Pharma-app/vendor/laravel/framework/src/Illuminate/Container/BoundMethod.php(93): Illuminate\\Container\\Util::unwrapIfClosure()
#32 /home/peter/iti/laravel/Pharma-app/vendor/laravel/framework/src/Illuminate/Container/BoundMethod.php(35): Illuminate\\Container\\BoundMethod::callBoundMethod()
#33 /home/peter/iti/laravel/Pharma-app/vendor/laravel/framework/src/Illuminate/Container/Container.php(662): Illuminate\\Container\\BoundMethod::call()
#34 /home/peter/iti/laravel/Pharma-app/vendor/laravel/framework/src/Illuminate/Console/Command.php(211): Illuminate\\Container\\Container->call()
#35 /home/peter/iti/laravel/Pharma-app/vendor/symfony/console/Command/Command.php(326): Illuminate\\Console\\Command->execute()
#36 /home/peter/iti/laravel/Pharma-app/vendor/laravel/framework/src/Illuminate/Console/Command.php(180): Symfony\\Component\\Console\\Command\\Command->run()
#37 /home/peter/iti/laravel/Pharma-app/vendor/symfony/console/Application.php(1081): Illuminate\\Console\\Command->run()
#38 /home/peter/iti/laravel/Pharma-app/vendor/symfony/console/Application.php(320): Symfony\\Component\\Console\\Application->doRunCommand()
#39 /home/peter/iti/laravel/Pharma-app/vendor/symfony/console/Application.php(174): Symfony\\Component\\Console\\Application->doRun()
#40 /home/peter/iti/laravel/Pharma-app/vendor/laravel/framework/src/Illuminate/Foundation/Console/Kernel.php(201): Symfony\\Component\\Console\\Application->run()
#41 /home/peter/iti/laravel/Pharma-app/artisan(35): Illuminate\\Foundation\\Console\\Kernel->handle()
#42 {main}
"} 
[2023-10-24 20:41:48] local.ERROR: SQLSTATE[HY000]: General error: 1005 Can't create table `pharma`.`pharmacy_days_off` (errno: 150 "Foreign key constraint is incorrectly formed") (Connection: mysql, SQL: alter table `pharmacy_days_off` add constraint `pharmacy_days_off_pharmacy_id_foreign` foreign key (`pharmacy_id`) references `pharamcies` (`id`) on delete cascade on update cascade) {"exception":"[object] (Illuminate\\Database\\QueryException(code: HY000): SQLSTATE[HY000]: General error: 1005 Can't create table `pharma`.`pharmacy_days_off` (errno: 150 \"Foreign key constraint is incorrectly formed\") (Connection: mysql, SQL: alter table `pharmacy_days_off` add constraint `pharmacy_days_off_pharmacy_id_foreign` foreign key (`pharmacy_id`) references `pharamcies` (`id`) on delete cascade on update cascade) at /home/peter/iti/laravel/Pharma-app/vendor/laravel/framework/src/Illuminate/Database/Connection.php:801)
[stacktrace]
#0 /home/peter/iti/laravel/Pharma-app/vendor/laravel/framework/src/Illuminate/Database/Connection.php(755): Illuminate\\Database\\Connection->runQueryCallback()
#1 /home/peter/iti/laravel/Pharma-app/vendor/laravel/framework/src/Illuminate/Database/Connection.php(569): Illuminate\\Database\\Connection->run()
#2 /home/peter/iti/laravel/Pharma-app/vendor/laravel/framework/src/Illuminate/Database/Schema/Blueprint.php(110): Illuminate\\Database\\Connection->statement()
#3 /home/peter/iti/laravel/Pharma-app/vendor/laravel/framework/src/Illuminate/Database/Schema/Builder.php(439): Illuminate\\Database\\Schema\\Blueprint->build()
#4 /home/peter/iti/laravel/Pharma-app/vendor/laravel/framework/src/Illuminate/Database/Schema/Builder.php(281): Illuminate\\Database\\Schema\\Builder->build()
#5 /home/peter/iti/laravel/Pharma-app/vendor/laravel/framework/src/Illuminate/Support/Facades/Facade.php(353): Illuminate\\Database\\Schema\\Builder->create()
#6 /home/peter/iti/laravel/Pharma-app/database/migrations/2023_10_24_174635_create_pharmacy_days_off_table.php(14): Illuminate\\Support\\Facades\\Facade::__callStatic()
#7 /home/peter/iti/laravel/Pharma-app/vendor/laravel/framework/src/Illuminate/Database/Migrations/Migrator.php(493): Illuminate\\Database\\Migrations\\Migration@anonymous->up()
#8 /home/peter/iti/laravel/Pharma-app/vendor/laravel/framework/src/Illuminate/Database/Migrations/Migrator.php(410): Illuminate\\Database\\Migrations\\Migrator->runMethod()
#9 /home/peter/iti/laravel/Pharma-app/vendor/laravel/framework/src/Illuminate/Database/Migrations/Migrator.php(419): Illuminate\\Database\\Migrations\\Migrator->Illuminate\\Database\\Migrations\\{closure}()
#10 /home/peter/iti/laravel/Pharma-app/vendor/laravel/framework/src/Illuminate/Database/Migrations/Migrator.php(216): Illuminate\\Database\\Migrations\\Migrator->runMigration()
#11 /home/peter/iti/laravel/Pharma-app/vendor/laravel/framework/src/Illuminate/Console/View/Components/Task.php(37): Illuminate\\Database\\Migrations\\Migrator->Illuminate\\Database\\Migrations\\{closure}()
#12 /home/peter/iti/laravel/Pharma-app/vendor/laravel/framework/src/Illuminate/Database/Migrations/Migrator.php(756): Illuminate\\Console\\View\\Components\\Task->render()
#13 /home/peter/iti/laravel/Pharma-app/vendor/laravel/framework/src/Illuminate/Database/Migrations/Migrator.php(216): Illuminate\\Database\\Migrations\\Migrator->write()
#14 /home/peter/iti/laravel/Pharma-app/vendor/laravel/framework/src/Illuminate/Database/Migrations/Migrator.php(181): Illuminate\\Database\\Migrations\\Migrator->runUp()
#15 /home/peter/iti/laravel/Pharma-app/vendor/laravel/framework/src/Illuminate/Database/Migrations/Migrator.php(124): Illuminate\\Database\\Migrations\\Migrator->runPending()
#16 /home/peter/iti/laravel/Pharma-app/vendor/laravel/framework/src/Illuminate/Database/Console/Migrations/MigrateCommand.php(90): Illuminate\\Database\\Migrations\\Migrator->run()
#17 /home/peter/iti/laravel/Pharma-app/vendor/laravel/framework/src/Illuminate/Database/Migrations/Migrator.php(633): Illuminate\\Database\\Console\\Migrations\\MigrateCommand->Illuminate\\Database\\Console\\Migrations\\{closure}()
#18 /home/peter/iti/laravel/Pharma-app/vendor/laravel/framework/src/Illuminate/Database/Console/Migrations/MigrateCommand.php(83): Illuminate\\Database\\Migrations\\Migrator->usingConnection()
#19 /home/peter/iti/laravel/Pharma-app/vendor/laravel/framework/src/Illuminate/Container/BoundMethod.php(36): Illuminate\\Database\\Console\\Migrations\\MigrateCommand->handle()
#20 /home/peter/iti/laravel/Pharma-app/vendor/laravel/framework/src/Illuminate/Container/Util.php(41): Illuminate\\Container\\BoundMethod::Illuminate\\Container\\{closure}()
#21 /home/peter/iti/laravel/Pharma-app/vendor/laravel/framework/src/Illuminate/Container/BoundMethod.php(93): Illuminate\\Container\\Util::unwrapIfClosure()
#22 /home/peter/iti/laravel/Pharma-app/vendor/laravel/framework/src/Illuminate/Container/BoundMethod.php(35): Illuminate\\Container\\BoundMethod::callBoundMethod()
#23 /home/peter/iti/laravel/Pharma-app/vendor/laravel/framework/src/Illuminate/Container/Container.php(662): Illuminate\\Container\\BoundMethod::call()
#24 /home/peter/iti/laravel/Pharma-app/vendor/laravel/framework/src/Illuminate/Console/Command.php(211): Illuminate\\Container\\Container->call()
#25 /home/peter/iti/laravel/Pharma-app/vendor/symfony/console/Command/Command.php(326): Illuminate\\Console\\Command->execute()
#26 /home/peter/iti/laravel/Pharma-app/vendor/laravel/framework/src/Illuminate/Console/Command.php(180): Symfony\\Component\\Console\\Command\\Command->run()
#27 /home/peter/iti/laravel/Pharma-app/vendor/laravel/framework/src/Illuminate/Console/Concerns/CallsCommands.php(67): Illuminate\\Console\\Command->run()
#28 /home/peter/iti/laravel/Pharma-app/vendor/laravel/framework/src/Illuminate/Console/Concerns/CallsCommands.php(28): Illuminate\\Console\\Command->runCommand()
#29 /home/peter/iti/laravel/Pharma-app/vendor/laravel/framework/src/Illuminate/Database/Console/Migrations/RefreshCommand.php(61): Illuminate\\Console\\Command->call()
#30 /home/peter/iti/laravel/Pharma-app/vendor/laravel/framework/src/Illuminate/Container/BoundMethod.php(36): Illuminate\\Database\\Console\\Migrations\\RefreshCommand->handle()
#31 /home/peter/iti/laravel/Pharma-app/vendor/laravel/framework/src/Illuminate/Container/Util.php(41): Illuminate\\Container\\BoundMethod::Illuminate\\Container\\{closure}()
#32 /home/peter/iti/laravel/Pharma-app/vendor/laravel/framework/src/Illuminate/Container/BoundMethod.php(93): Illuminate\\Container\\Util::unwrapIfClosure()
#33 /home/peter/iti/laravel/Pharma-app/vendor/laravel/framework/src/Illuminate/Container/BoundMethod.php(35): Illuminate\\Container\\BoundMethod::callBoundMethod()
#34 /home/peter/iti/laravel/Pharma-app/vendor/laravel/framework/src/Illuminate/Container/Container.php(662): Illuminate\\Container\\BoundMethod::call()
#35 /home/peter/iti/laravel/Pharma-app/vendor/laravel/framework/src/Illuminate/Console/Command.php(211): Illuminate\\Container\\Container->call()
#36 /home/peter/iti/laravel/Pharma-app/vendor/symfony/console/Command/Command.php(326): Illuminate\\Console\\Command->execute()
#37 /home/peter/iti/laravel/Pharma-app/vendor/laravel/framework/src/Illuminate/Console/Command.php(180): Symfony\\Component\\Console\\Command\\Command->run()
#38 /home/peter/iti/laravel/Pharma-app/vendor/symfony/console/Application.php(1081): Illuminate\\Console\\Command->run()
#39 /home/peter/iti/laravel/Pharma-app/vendor/symfony/console/Application.php(320): Symfony\\Component\\Console\\Application->doRunCommand()
#40 /home/peter/iti/laravel/Pharma-app/vendor/symfony/console/Application.php(174): Symfony\\Component\\Console\\Application->doRun()
#41 /home/peter/iti/laravel/Pharma-app/vendor/laravel/framework/src/Illuminate/Foundation/Console/Kernel.php(201): Symfony\\Component\\Console\\Application->run()
#42 /home/peter/iti/laravel/Pharma-app/artisan(35): Illuminate\\Foundation\\Console\\Kernel->handle()
#43 {main}

[previous exception] [object] (PDOException(code: HY000): SQLSTATE[HY000]: General error: 1005 Can't create table `pharma`.`pharmacy_days_off` (errno: 150 \"Foreign key constraint is incorrectly formed\") at /home/peter/iti/laravel/Pharma-app/vendor/laravel/framework/src/Illuminate/Database/Connection.php:580)
[stacktrace]
#0 /home/peter/iti/laravel/Pharma-app/vendor/laravel/framework/src/Illuminate/Database/Connection.php(580): PDOStatement->execute()
#1 /home/peter/iti/laravel/Pharma-app/vendor/laravel/framework/src/Illuminate/Database/Connection.php(788): Illuminate\\Database\\Connection->Illuminate\\Database\\{closure}()
#2 /home/peter/iti/laravel/Pharma-app/vendor/laravel/framework/src/Illuminate/Database/Connection.php(755): Illuminate\\Database\\Connection->runQueryCallback()
#3 /home/peter/iti/laravel/Pharma-app/vendor/laravel/framework/src/Illuminate/Database/Connection.php(569): Illuminate\\Database\\Connection->run()
#4 /home/peter/iti/laravel/Pharma-app/vendor/laravel/framework/src/Illuminate/Database/Schema/Blueprint.php(110): Illuminate\\Database\\Connection->statement()
#5 /home/peter/iti/laravel/Pharma-app/vendor/laravel/framework/src/Illuminate/Database/Schema/Builder.php(439): Illuminate\\Database\\Schema\\Blueprint->build()
#6 /home/peter/iti/laravel/Pharma-app/vendor/laravel/framework/src/Illuminate/Database/Schema/Builder.php(281): Illuminate\\Database\\Schema\\Builder->build()
#7 /home/peter/iti/laravel/Pharma-app/vendor/laravel/framework/src/Illuminate/Support/Facades/Facade.php(353): Illuminate\\Database\\Schema\\Builder->create()
#8 /home/peter/iti/laravel/Pharma-app/database/migrations/2023_10_24_174635_create_pharmacy_days_off_table.php(14): Illuminate\\Support\\Facades\\Facade::__callStatic()
#9 /home/peter/iti/laravel/Pharma-app/vendor/laravel/framework/src/Illuminate/Database/Migrations/Migrator.php(493): Illuminate\\Database\\Migrations\\Migration@anonymous->up()
#10 /home/peter/iti/laravel/Pharma-app/vendor/laravel/framework/src/Illuminate/Database/Migrations/Migrator.php(410): Illuminate\\Database\\Migrations\\Migrator->runMethod()
#11 /home/peter/iti/laravel/Pharma-app/vendor/laravel/framework/src/Illuminate/Database/Migrations/Migrator.php(419): Illuminate\\Database\\Migrations\\Migrator->Illuminate\\Database\\Migrations\\{closure}()
#12 /home/peter/iti/laravel/Pharma-app/vendor/laravel/framework/src/Illuminate/Database/Migrations/Migrator.php(216): Illuminate\\Database\\Migrations\\Migrator->runMigration()
#13 /home/peter/iti/laravel/Pharma-app/vendor/laravel/framework/src/Illuminate/Console/View/Components/Task.php(37): Illuminate\\Database\\Migrations\\Migrator->Illuminate\\Database\\Migrations\\{closure}()
#14 /home/peter/iti/laravel/Pharma-app/vendor/laravel/framework/src/Illuminate/Database/Migrations/Migrator.php(756): Illuminate\\Console\\View\\Components\\Task->render()
#15 /home/peter/iti/laravel/Pharma-app/vendor/laravel/framework/src/Illuminate/Database/Migrations/Migrator.php(216): Illuminate\\Database\\Migrations\\Migrator->write()
#16 /home/peter/iti/laravel/Pharma-app/vendor/laravel/framework/src/Illuminate/Database/Migrations/Migrator.php(181): Illuminate\\Database\\Migrations\\Migrator->runUp()
#17 /home/peter/iti/laravel/Pharma-app/vendor/laravel/framework/src/Illuminate/Database/Migrations/Migrator.php(124): Illuminate\\Database\\Migrations\\Migrator->runPending()
#18 /home/peter/iti/laravel/Pharma-app/vendor/laravel/framework/src/Illuminate/Database/Console/Migrations/MigrateCommand.php(90): Illuminate\\Database\\Migrations\\Migrator->run()
#19 /home/peter/iti/laravel/Pharma-app/vendor/laravel/framework/src/Illuminate/Database/Migrations/Migrator.php(633): Illuminate\\Database\\Console\\Migrations\\MigrateCommand->Illuminate\\Database\\Console\\Migrations\\{closure}()
#20 /home/peter/iti/laravel/Pharma-app/vendor/laravel/framework/src/Illuminate/Database/Console/Migrations/MigrateCommand.php(83): Illuminate\\Database\\Migrations\\Migrator->usingConnection()
#21 /home/peter/iti/laravel/Pharma-app/vendor/laravel/framework/src/Illuminate/Container/BoundMethod.php(36): Illuminate\\Database\\Console\\Migrations\\MigrateCommand->handle()
#22 /home/peter/iti/laravel/Pharma-app/vendor/laravel/framework/src/Illuminate/Container/Util.php(41): Illuminate\\Container\\BoundMethod::Illuminate\\Container\\{closure}()
#23 /home/peter/iti/laravel/Pharma-app/vendor/laravel/framework/src/Illuminate/Container/BoundMethod.php(93): Illuminate\\Container\\Util::unwrapIfClosure()
#24 /home/peter/iti/laravel/Pharma-app/vendor/laravel/framework/src/Illuminate/Container/BoundMethod.php(35): Illuminate\\Container\\BoundMethod::callBoundMethod()
#25 /home/peter/iti/laravel/Pharma-app/vendor/laravel/framework/src/Illuminate/Container/Container.php(662): Illuminate\\Container\\BoundMethod::call()
#26 /home/peter/iti/laravel/Pharma-app/vendor/laravel/framework/src/Illuminate/Console/Command.php(211): Illuminate\\Container\\Container->call()
#27 /home/peter/iti/laravel/Pharma-app/vendor/symfony/console/Command/Command.php(326): Illuminate\\Console\\Command->execute()
#28 /home/peter/iti/laravel/Pharma-app/vendor/laravel/framework/src/Illuminate/Console/Command.php(180): Symfony\\Component\\Console\\Command\\Command->run()
#29 /home/peter/iti/laravel/Pharma-app/vendor/laravel/framework/src/Illuminate/Console/Concerns/CallsCommands.php(67): Illuminate\\Console\\Command->run()
#30 /home/peter/iti/laravel/Pharma-app/vendor/laravel/framework/src/Illuminate/Console/Concerns/CallsCommands.php(28): Illuminate\\Console\\Command->runCommand()
#31 /home/peter/iti/laravel/Pharma-app/vendor/laravel/framework/src/Illuminate/Database/Console/Migrations/RefreshCommand.php(61): Illuminate\\Console\\Command->call()
#32 /home/peter/iti/laravel/Pharma-app/vendor/laravel/framework/src/Illuminate/Container/BoundMethod.php(36): Illuminate\\Database\\Console\\Migrations\\RefreshCommand->handle()
#33 /home/peter/iti/laravel/Pharma-app/vendor/laravel/framework/src/Illuminate/Container/Util.php(41): Illuminate\\Container\\BoundMethod::Illuminate\\Container\\{closure}()
#34 /home/peter/iti/laravel/Pharma-app/vendor/laravel/framework/src/Illuminate/Container/BoundMethod.php(93): Illuminate\\Container\\Util::unwrapIfClosure()
#35 /home/peter/iti/laravel/Pharma-app/vendor/laravel/framework/src/Illuminate/Container/BoundMethod.php(35): Illuminate\\Container\\BoundMethod::callBoundMethod()
#36 /home/peter/iti/laravel/Pharma-app/vendor/laravel/framework/src/Illuminate/Container/Container.php(662): Illuminate\\Container\\BoundMethod::call()
#37 /home/peter/iti/laravel/Pharma-app/vendor/laravel/framework/src/Illuminate/Console/Command.php(211): Illuminate\\Container\\Container->call()
#38 /home/peter/iti/laravel/Pharma-app/vendor/symfony/console/Command/Command.php(326): Illuminate\\Console\\Command->execute()
#39 /home/peter/iti/laravel/Pharma-app/vendor/laravel/framework/src/Illuminate/Console/Command.php(180): Symfony\\Component\\Console\\Command\\Command->run()
#40 /home/peter/iti/laravel/Pharma-app/vendor/symfony/console/Application.php(1081): Illuminate\\Console\\Command->run()
#41 /home/peter/iti/laravel/Pharma-app/vendor/symfony/console/Application.php(320): Symfony\\Component\\Console\\Application->doRunCommand()
#42 /home/peter/iti/laravel/Pharma-app/vendor/symfony/console/Application.php(174): Symfony\\Component\\Console\\Application->doRun()
#43 /home/peter/iti/laravel/Pharma-app/vendor/laravel/framework/src/Illuminate/Foundation/Console/Kernel.php(201): Symfony\\Component\\Console\\Application->run()
#44 /home/peter/iti/laravel/Pharma-app/artisan(35): Illuminate\\Foundation\\Console\\Kernel->handle()
#45 {main}
"} 
[2023-10-24 20:42:29] local.ERROR: SQLSTATE[42S01]: Base table or view already exists: 1050 Table 'pharmacy_days_off' already exists (Connection: mysql, SQL: create table `pharmacy_days_off` (`id` bigint unsigned not null auto_increment primary key, `pharmacy_id` bigint unsigned not null, `day_id` bigint unsigned not null, `created_at` timestamp null, `updated_at` timestamp null) default character set utf8mb4 collate 'utf8mb4_unicode_ci') {"exception":"[object] (Illuminate\\Database\\QueryException(code: 42S01): SQLSTATE[42S01]: Base table or view already exists: 1050 Table 'pharmacy_days_off' already exists (Connection: mysql, SQL: create table `pharmacy_days_off` (`id` bigint unsigned not null auto_increment primary key, `pharmacy_id` bigint unsigned not null, `day_id` bigint unsigned not null, `created_at` timestamp null, `updated_at` timestamp null) default character set utf8mb4 collate 'utf8mb4_unicode_ci') at /home/peter/iti/laravel/Pharma-app/vendor/laravel/framework/src/Illuminate/Database/Connection.php:801)
[stacktrace]
#0 /home/peter/iti/laravel/Pharma-app/vendor/laravel/framework/src/Illuminate/Database/Connection.php(755): Illuminate\\Database\\Connection->runQueryCallback()
#1 /home/peter/iti/laravel/Pharma-app/vendor/laravel/framework/src/Illuminate/Database/Connection.php(569): Illuminate\\Database\\Connection->run()
#2 /home/peter/iti/laravel/Pharma-app/vendor/laravel/framework/src/Illuminate/Database/Schema/Blueprint.php(110): Illuminate\\Database\\Connection->statement()
#3 /home/peter/iti/laravel/Pharma-app/vendor/laravel/framework/src/Illuminate/Database/Schema/Builder.php(439): Illuminate\\Database\\Schema\\Blueprint->build()
#4 /home/peter/iti/laravel/Pharma-app/vendor/laravel/framework/src/Illuminate/Database/Schema/Builder.php(281): Illuminate\\Database\\Schema\\Builder->build()
#5 /home/peter/iti/laravel/Pharma-app/vendor/laravel/framework/src/Illuminate/Support/Facades/Facade.php(353): Illuminate\\Database\\Schema\\Builder->create()
#6 /home/peter/iti/laravel/Pharma-app/database/migrations/2023_10_24_174635_create_pharmacy_days_off_table.php(14): Illuminate\\Support\\Facades\\Facade::__callStatic()
#7 /home/peter/iti/laravel/Pharma-app/vendor/laravel/framework/src/Illuminate/Database/Migrations/Migrator.php(493): Illuminate\\Database\\Migrations\\Migration@anonymous->up()
#8 /home/peter/iti/laravel/Pharma-app/vendor/laravel/framework/src/Illuminate/Database/Migrations/Migrator.php(410): Illuminate\\Database\\Migrations\\Migrator->runMethod()
#9 /home/peter/iti/laravel/Pharma-app/vendor/laravel/framework/src/Illuminate/Database/Migrations/Migrator.php(419): Illuminate\\Database\\Migrations\\Migrator->Illuminate\\Database\\Migrations\\{closure}()
#10 /home/peter/iti/laravel/Pharma-app/vendor/laravel/framework/src/Illuminate/Database/Migrations/Migrator.php(216): Illuminate\\Database\\Migrations\\Migrator->runMigration()
#11 /home/peter/iti/laravel/Pharma-app/vendor/laravel/framework/src/Illuminate/Console/View/Components/Task.php(37): Illuminate\\Database\\Migrations\\Migrator->Illuminate\\Database\\Migrations\\{closure}()
#12 /home/peter/iti/laravel/Pharma-app/vendor/laravel/framework/src/Illuminate/Database/Migrations/Migrator.php(756): Illuminate\\Console\\View\\Components\\Task->render()
#13 /home/peter/iti/laravel/Pharma-app/vendor/laravel/framework/src/Illuminate/Database/Migrations/Migrator.php(216): Illuminate\\Database\\Migrations\\Migrator->write()
#14 /home/peter/iti/laravel/Pharma-app/vendor/laravel/framework/src/Illuminate/Database/Migrations/Migrator.php(181): Illuminate\\Database\\Migrations\\Migrator->runUp()
#15 /home/peter/iti/laravel/Pharma-app/vendor/laravel/framework/src/Illuminate/Database/Migrations/Migrator.php(124): Illuminate\\Database\\Migrations\\Migrator->runPending()
#16 /home/peter/iti/laravel/Pharma-app/vendor/laravel/framework/src/Illuminate/Database/Console/Migrations/MigrateCommand.php(90): Illuminate\\Database\\Migrations\\Migrator->run()
#17 /home/peter/iti/laravel/Pharma-app/vendor/laravel/framework/src/Illuminate/Database/Migrations/Migrator.php(633): Illuminate\\Database\\Console\\Migrations\\MigrateCommand->Illuminate\\Database\\Console\\Migrations\\{closure}()
#18 /home/peter/iti/laravel/Pharma-app/vendor/laravel/framework/src/Illuminate/Database/Console/Migrations/MigrateCommand.php(83): Illuminate\\Database\\Migrations\\Migrator->usingConnection()
#19 /home/peter/iti/laravel/Pharma-app/vendor/laravel/framework/src/Illuminate/Container/BoundMethod.php(36): Illuminate\\Database\\Console\\Migrations\\MigrateCommand->handle()
#20 /home/peter/iti/laravel/Pharma-app/vendor/laravel/framework/src/Illuminate/Container/Util.php(41): Illuminate\\Container\\BoundMethod::Illuminate\\Container\\{closure}()
#21 /home/peter/iti/laravel/Pharma-app/vendor/laravel/framework/src/Illuminate/Container/BoundMethod.php(93): Illuminate\\Container\\Util::unwrapIfClosure()
#22 /home/peter/iti/laravel/Pharma-app/vendor/laravel/framework/src/Illuminate/Container/BoundMethod.php(35): Illuminate\\Container\\BoundMethod::callBoundMethod()
#23 /home/peter/iti/laravel/Pharma-app/vendor/laravel/framework/src/Illuminate/Container/Container.php(662): Illuminate\\Container\\BoundMethod::call()
#24 /home/peter/iti/laravel/Pharma-app/vendor/laravel/framework/src/Illuminate/Console/Command.php(211): Illuminate\\Container\\Container->call()
#25 /home/peter/iti/laravel/Pharma-app/vendor/symfony/console/Command/Command.php(326): Illuminate\\Console\\Command->execute()
#26 /home/peter/iti/laravel/Pharma-app/vendor/laravel/framework/src/Illuminate/Console/Command.php(180): Symfony\\Component\\Console\\Command\\Command->run()
#27 /home/peter/iti/laravel/Pharma-app/vendor/laravel/framework/src/Illuminate/Console/Concerns/CallsCommands.php(67): Illuminate\\Console\\Command->run()
#28 /home/peter/iti/laravel/Pharma-app/vendor/laravel/framework/src/Illuminate/Console/Concerns/CallsCommands.php(28): Illuminate\\Console\\Command->runCommand()
#29 /home/peter/iti/laravel/Pharma-app/vendor/laravel/framework/src/Illuminate/Database/Console/Migrations/RefreshCommand.php(61): Illuminate\\Console\\Command->call()
#30 /home/peter/iti/laravel/Pharma-app/vendor/laravel/framework/src/Illuminate/Container/BoundMethod.php(36): Illuminate\\Database\\Console\\Migrations\\RefreshCommand->handle()
#31 /home/peter/iti/laravel/Pharma-app/vendor/laravel/framework/src/Illuminate/Container/Util.php(41): Illuminate\\Container\\BoundMethod::Illuminate\\Container\\{closure}()
#32 /home/peter/iti/laravel/Pharma-app/vendor/laravel/framework/src/Illuminate/Container/BoundMethod.php(93): Illuminate\\Container\\Util::unwrapIfClosure()
#33 /home/peter/iti/laravel/Pharma-app/vendor/laravel/framework/src/Illuminate/Container/BoundMethod.php(35): Illuminate\\Container\\BoundMethod::callBoundMethod()
#34 /home/peter/iti/laravel/Pharma-app/vendor/laravel/framework/src/Illuminate/Container/Container.php(662): Illuminate\\Container\\BoundMethod::call()
#35 /home/peter/iti/laravel/Pharma-app/vendor/laravel/framework/src/Illuminate/Console/Command.php(211): Illuminate\\Container\\Container->call()
#36 /home/peter/iti/laravel/Pharma-app/vendor/symfony/console/Command/Command.php(326): Illuminate\\Console\\Command->execute()
#37 /home/peter/iti/laravel/Pharma-app/vendor/laravel/framework/src/Illuminate/Console/Command.php(180): Symfony\\Component\\Console\\Command\\Command->run()
#38 /home/peter/iti/laravel/Pharma-app/vendor/symfony/console/Application.php(1081): Illuminate\\Console\\Command->run()
#39 /home/peter/iti/laravel/Pharma-app/vendor/symfony/console/Application.php(320): Symfony\\Component\\Console\\Application->doRunCommand()
#40 /home/peter/iti/laravel/Pharma-app/vendor/symfony/console/Application.php(174): Symfony\\Component\\Console\\Application->doRun()
#41 /home/peter/iti/laravel/Pharma-app/vendor/laravel/framework/src/Illuminate/Foundation/Console/Kernel.php(201): Symfony\\Component\\Console\\Application->run()
#42 /home/peter/iti/laravel/Pharma-app/artisan(35): Illuminate\\Foundation\\Console\\Kernel->handle()
#43 {main}

[previous exception] [object] (PDOException(code: 42S01): SQLSTATE[42S01]: Base table or view already exists: 1050 Table 'pharmacy_days_off' already exists at /home/peter/iti/laravel/Pharma-app/vendor/laravel/framework/src/Illuminate/Database/Connection.php:580)
[stacktrace]
#0 /home/peter/iti/laravel/Pharma-app/vendor/laravel/framework/src/Illuminate/Database/Connection.php(580): PDOStatement->execute()
#1 /home/peter/iti/laravel/Pharma-app/vendor/laravel/framework/src/Illuminate/Database/Connection.php(788): Illuminate\\Database\\Connection->Illuminate\\Database\\{closure}()
#2 /home/peter/iti/laravel/Pharma-app/vendor/laravel/framework/src/Illuminate/Database/Connection.php(755): Illuminate\\Database\\Connection->runQueryCallback()
#3 /home/peter/iti/laravel/Pharma-app/vendor/laravel/framework/src/Illuminate/Database/Connection.php(569): Illuminate\\Database\\Connection->run()
#4 /home/peter/iti/laravel/Pharma-app/vendor/laravel/framework/src/Illuminate/Database/Schema/Blueprint.php(110): Illuminate\\Database\\Connection->statement()
#5 /home/peter/iti/laravel/Pharma-app/vendor/laravel/framework/src/Illuminate/Database/Schema/Builder.php(439): Illuminate\\Database\\Schema\\Blueprint->build()
#6 /home/peter/iti/laravel/Pharma-app/vendor/laravel/framework/src/Illuminate/Database/Schema/Builder.php(281): Illuminate\\Database\\Schema\\Builder->build()
#7 /home/peter/iti/laravel/Pharma-app/vendor/laravel/framework/src/Illuminate/Support/Facades/Facade.php(353): Illuminate\\Database\\Schema\\Builder->create()
#8 /home/peter/iti/laravel/Pharma-app/database/migrations/2023_10_24_174635_create_pharmacy_days_off_table.php(14): Illuminate\\Support\\Facades\\Facade::__callStatic()
#9 /home/peter/iti/laravel/Pharma-app/vendor/laravel/framework/src/Illuminate/Database/Migrations/Migrator.php(493): Illuminate\\Database\\Migrations\\Migration@anonymous->up()
#10 /home/peter/iti/laravel/Pharma-app/vendor/laravel/framework/src/Illuminate/Database/Migrations/Migrator.php(410): Illuminate\\Database\\Migrations\\Migrator->runMethod()
#11 /home/peter/iti/laravel/Pharma-app/vendor/laravel/framework/src/Illuminate/Database/Migrations/Migrator.php(419): Illuminate\\Database\\Migrations\\Migrator->Illuminate\\Database\\Migrations\\{closure}()
#12 /home/peter/iti/laravel/Pharma-app/vendor/laravel/framework/src/Illuminate/Database/Migrations/Migrator.php(216): Illuminate\\Database\\Migrations\\Migrator->runMigration()
#13 /home/peter/iti/laravel/Pharma-app/vendor/laravel/framework/src/Illuminate/Console/View/Components/Task.php(37): Illuminate\\Database\\Migrations\\Migrator->Illuminate\\Database\\Migrations\\{closure}()
#14 /home/peter/iti/laravel/Pharma-app/vendor/laravel/framework/src/Illuminate/Database/Migrations/Migrator.php(756): Illuminate\\Console\\View\\Components\\Task->render()
#15 /home/peter/iti/laravel/Pharma-app/vendor/laravel/framework/src/Illuminate/Database/Migrations/Migrator.php(216): Illuminate\\Database\\Migrations\\Migrator->write()
#16 /home/peter/iti/laravel/Pharma-app/vendor/laravel/framework/src/Illuminate/Database/Migrations/Migrator.php(181): Illuminate\\Database\\Migrations\\Migrator->runUp()
#17 /home/peter/iti/laravel/Pharma-app/vendor/laravel/framework/src/Illuminate/Database/Migrations/Migrator.php(124): Illuminate\\Database\\Migrations\\Migrator->runPending()
#18 /home/peter/iti/laravel/Pharma-app/vendor/laravel/framework/src/Illuminate/Database/Console/Migrations/MigrateCommand.php(90): Illuminate\\Database\\Migrations\\Migrator->run()
#19 /home/peter/iti/laravel/Pharma-app/vendor/laravel/framework/src/Illuminate/Database/Migrations/Migrator.php(633): Illuminate\\Database\\Console\\Migrations\\MigrateCommand->Illuminate\\Database\\Console\\Migrations\\{closure}()
#20 /home/peter/iti/laravel/Pharma-app/vendor/laravel/framework/src/Illuminate/Database/Console/Migrations/MigrateCommand.php(83): Illuminate\\Database\\Migrations\\Migrator->usingConnection()
#21 /home/peter/iti/laravel/Pharma-app/vendor/laravel/framework/src/Illuminate/Container/BoundMethod.php(36): Illuminate\\Database\\Console\\Migrations\\MigrateCommand->handle()
#22 /home/peter/iti/laravel/Pharma-app/vendor/laravel/framework/src/Illuminate/Container/Util.php(41): Illuminate\\Container\\BoundMethod::Illuminate\\Container\\{closure}()
#23 /home/peter/iti/laravel/Pharma-app/vendor/laravel/framework/src/Illuminate/Container/BoundMethod.php(93): Illuminate\\Container\\Util::unwrapIfClosure()
#24 /home/peter/iti/laravel/Pharma-app/vendor/laravel/framework/src/Illuminate/Container/BoundMethod.php(35): Illuminate\\Container\\BoundMethod::callBoundMethod()
#25 /home/peter/iti/laravel/Pharma-app/vendor/laravel/framework/src/Illuminate/Container/Container.php(662): Illuminate\\Container\\BoundMethod::call()
#26 /home/peter/iti/laravel/Pharma-app/vendor/laravel/framework/src/Illuminate/Console/Command.php(211): Illuminate\\Container\\Container->call()
#27 /home/peter/iti/laravel/Pharma-app/vendor/symfony/console/Command/Command.php(326): Illuminate\\Console\\Command->execute()
#28 /home/peter/iti/laravel/Pharma-app/vendor/laravel/framework/src/Illuminate/Console/Command.php(180): Symfony\\Component\\Console\\Command\\Command->run()
#29 /home/peter/iti/laravel/Pharma-app/vendor/laravel/framework/src/Illuminate/Console/Concerns/CallsCommands.php(67): Illuminate\\Console\\Command->run()
#30 /home/peter/iti/laravel/Pharma-app/vendor/laravel/framework/src/Illuminate/Console/Concerns/CallsCommands.php(28): Illuminate\\Console\\Command->runCommand()
#31 /home/peter/iti/laravel/Pharma-app/vendor/laravel/framework/src/Illuminate/Database/Console/Migrations/RefreshCommand.php(61): Illuminate\\Console\\Command->call()
#32 /home/peter/iti/laravel/Pharma-app/vendor/laravel/framework/src/Illuminate/Container/BoundMethod.php(36): Illuminate\\Database\\Console\\Migrations\\RefreshCommand->handle()
#33 /home/peter/iti/laravel/Pharma-app/vendor/laravel/framework/src/Illuminate/Container/Util.php(41): Illuminate\\Container\\BoundMethod::Illuminate\\Container\\{closure}()
#34 /home/peter/iti/laravel/Pharma-app/vendor/laravel/framework/src/Illuminate/Container/BoundMethod.php(93): Illuminate\\Container\\Util::unwrapIfClosure()
#35 /home/peter/iti/laravel/Pharma-app/vendor/laravel/framework/src/Illuminate/Container/BoundMethod.php(35): Illuminate\\Container\\BoundMethod::callBoundMethod()
#36 /home/peter/iti/laravel/Pharma-app/vendor/laravel/framework/src/Illuminate/Container/Container.php(662): Illuminate\\Container\\BoundMethod::call()
#37 /home/peter/iti/laravel/Pharma-app/vendor/laravel/framework/src/Illuminate/Console/Command.php(211): Illuminate\\Container\\Container->call()
#38 /home/peter/iti/laravel/Pharma-app/vendor/symfony/console/Command/Command.php(326): Illuminate\\Console\\Command->execute()
#39 /home/peter/iti/laravel/Pharma-app/vendor/laravel/framework/src/Illuminate/Console/Command.php(180): Symfony\\Component\\Console\\Command\\Command->run()
#40 /home/peter/iti/laravel/Pharma-app/vendor/symfony/console/Application.php(1081): Illuminate\\Console\\Command->run()
#41 /home/peter/iti/laravel/Pharma-app/vendor/symfony/console/Application.php(320): Symfony\\Component\\Console\\Application->doRunCommand()
#42 /home/peter/iti/laravel/Pharma-app/vendor/symfony/console/Application.php(174): Symfony\\Component\\Console\\Application->doRun()
#43 /home/peter/iti/laravel/Pharma-app/vendor/laravel/framework/src/Illuminate/Foundation/Console/Kernel.php(201): Symfony\\Component\\Console\\Application->run()
#44 /home/peter/iti/laravel/Pharma-app/artisan(35): Illuminate\\Foundation\\Console\\Kernel->handle()
#45 {main}
"} 
[2023-10-25 00:35:07] local.ERROR: Unknown format "Governorate" {"exception":"[object] (InvalidArgumentException(code: 0): Unknown format \"Governorate\" at /home/peter/iti/laravel/Pharma-app/vendor/fakerphp/faker/src/Faker/Generator.php:731)
[stacktrace]
#0 /home/peter/iti/laravel/Pharma-app/vendor/fakerphp/faker/src/Faker/Generator.php(696): Faker\\Generator->getFormatter()
#1 /home/peter/iti/laravel/Pharma-app/vendor/fakerphp/faker/src/Faker/Generator.php(952): Faker\\Generator->format()
#2 /home/peter/iti/laravel/Pharma-app/database/factories/ClientFactory.php(23): Faker\\Generator->__get()
#3 /home/peter/iti/laravel/Pharma-app/vendor/laravel/framework/src/Illuminate/Database/Eloquent/Factories/Factory.php(454): Database\\Factories\\ClientFactory->definition()
#4 /home/peter/iti/laravel/Pharma-app/vendor/laravel/framework/src/Illuminate/Database/Eloquent/Factories/Factory.php(433): Illuminate\\Database\\Eloquent\\Factories\\Factory->getRawAttributes()
#5 /home/peter/iti/laravel/Pharma-app/vendor/laravel/framework/src/Illuminate/Database/Eloquent/Factories/Factory.php(417): Illuminate\\Database\\Eloquent\\Factories\\Factory->getExpandedAttributes()
#6 /home/peter/iti/laravel/Pharma-app/vendor/laravel/framework/src/Illuminate/Database/Eloquent/Concerns/GuardsAttributes.php(149): Illuminate\\Database\\Eloquent\\Factories\\Factory->Illuminate\\Database\\Eloquent\\Factories\\{closure}()
#7 /home/peter/iti/laravel/Pharma-app/vendor/laravel/framework/src/Illuminate/Database/Eloquent/Factories/Factory.php(416): Illuminate\\Database\\Eloquent\\Model::unguarded()
#8 /home/peter/iti/laravel/Pharma-app/vendor/laravel/framework/src/Illuminate/Database/Eloquent/Factories/Factory.php(400): Illuminate\\Database\\Eloquent\\Factories\\Factory->makeInstance()
#9 [internal function]: Illuminate\\Database\\Eloquent\\Factories\\Factory->Illuminate\\Database\\Eloquent\\Factories\\{closure}()
#10 /home/peter/iti/laravel/Pharma-app/vendor/laravel/framework/src/Illuminate/Database/Eloquent/Factories/Factory.php(399): array_map()
#11 /home/peter/iti/laravel/Pharma-app/vendor/laravel/framework/src/Illuminate/Database/Eloquent/Factories/Factory.php(284): Illuminate\\Database\\Eloquent\\Factories\\Factory->make()
#12 /home/peter/iti/laravel/Pharma-app/database/seeders/ClientsTableSeeder.php(15): Illuminate\\Database\\Eloquent\\Factories\\Factory->create()
#13 /home/peter/iti/laravel/Pharma-app/vendor/laravel/framework/src/Illuminate/Container/BoundMethod.php(36): Database\\Seeders\\ClientsTableSeeder->run()
#14 /home/peter/iti/laravel/Pharma-app/vendor/laravel/framework/src/Illuminate/Container/Util.php(41): Illuminate\\Container\\BoundMethod::Illuminate\\Container\\{closure}()
#15 /home/peter/iti/laravel/Pharma-app/vendor/laravel/framework/src/Illuminate/Container/BoundMethod.php(93): Illuminate\\Container\\Util::unwrapIfClosure()
#16 /home/peter/iti/laravel/Pharma-app/vendor/laravel/framework/src/Illuminate/Container/BoundMethod.php(35): Illuminate\\Container\\BoundMethod::callBoundMethod()
#17 /home/peter/iti/laravel/Pharma-app/vendor/laravel/framework/src/Illuminate/Container/Container.php(662): Illuminate\\Container\\BoundMethod::call()
#18 /home/peter/iti/laravel/Pharma-app/vendor/laravel/framework/src/Illuminate/Database/Seeder.php(184): Illuminate\\Container\\Container->call()
#19 /home/peter/iti/laravel/Pharma-app/vendor/laravel/framework/src/Illuminate/Database/Seeder.php(193): Illuminate\\Database\\Seeder->Illuminate\\Database\\{closure}()
#20 /home/peter/iti/laravel/Pharma-app/vendor/laravel/framework/src/Illuminate/Database/Console/Seeds/SeedCommand.php(70): Illuminate\\Database\\Seeder->__invoke()
#21 /home/peter/iti/laravel/Pharma-app/vendor/laravel/framework/src/Illuminate/Database/Eloquent/Concerns/GuardsAttributes.php(155): Illuminate\\Database\\Console\\Seeds\\SeedCommand->Illuminate\\Database\\Console\\Seeds\\{closure}()
#22 /home/peter/iti/laravel/Pharma-app/vendor/laravel/framework/src/Illuminate/Database/Console/Seeds/SeedCommand.php(69): Illuminate\\Database\\Eloquent\\Model::unguarded()
#23 /home/peter/iti/laravel/Pharma-app/vendor/laravel/framework/src/Illuminate/Container/BoundMethod.php(36): Illuminate\\Database\\Console\\Seeds\\SeedCommand->handle()
#24 /home/peter/iti/laravel/Pharma-app/vendor/laravel/framework/src/Illuminate/Container/Util.php(41): Illuminate\\Container\\BoundMethod::Illuminate\\Container\\{closure}()
#25 /home/peter/iti/laravel/Pharma-app/vendor/laravel/framework/src/Illuminate/Container/BoundMethod.php(93): Illuminate\\Container\\Util::unwrapIfClosure()
#26 /home/peter/iti/laravel/Pharma-app/vendor/laravel/framework/src/Illuminate/Container/BoundMethod.php(35): Illuminate\\Container\\BoundMethod::callBoundMethod()
#27 /home/peter/iti/laravel/Pharma-app/vendor/laravel/framework/src/Illuminate/Container/Container.php(662): Illuminate\\Container\\BoundMethod::call()
#28 /home/peter/iti/laravel/Pharma-app/vendor/laravel/framework/src/Illuminate/Console/Command.php(211): Illuminate\\Container\\Container->call()
#29 /home/peter/iti/laravel/Pharma-app/vendor/symfony/console/Command/Command.php(326): Illuminate\\Console\\Command->execute()
#30 /home/peter/iti/laravel/Pharma-app/vendor/laravel/framework/src/Illuminate/Console/Command.php(180): Symfony\\Component\\Console\\Command\\Command->run()
#31 /home/peter/iti/laravel/Pharma-app/vendor/symfony/console/Application.php(1081): Illuminate\\Console\\Command->run()
#32 /home/peter/iti/laravel/Pharma-app/vendor/symfony/console/Application.php(320): Symfony\\Component\\Console\\Application->doRunCommand()
#33 /home/peter/iti/laravel/Pharma-app/vendor/symfony/console/Application.php(174): Symfony\\Component\\Console\\Application->doRun()
#34 /home/peter/iti/laravel/Pharma-app/vendor/laravel/framework/src/Illuminate/Foundation/Console/Kernel.php(201): Symfony\\Component\\Console\\Application->run()
#35 /home/peter/iti/laravel/Pharma-app/artisan(35): Illuminate\\Foundation\\Console\\Kernel->handle()
#36 {main}
"} 
[2023-10-25 00:39:59] local.ERROR: Magic request methods require a URI and optional options array {"exception":"[object] (GuzzleHttp\\Exception\\InvalidArgumentException(code: 0): Magic request methods require a URI and optional options array at /home/peter/iti/laravel/Pharma-app/vendor/guzzlehttp/guzzle/src/Client.php:84)
[stacktrace]
#0 /home/peter/iti/laravel/Pharma-app/vendor/laravel/framework/src/Illuminate/Routing/ControllerDispatcher.php(46): GuzzleHttp\\Client->__call()
#1 /home/peter/iti/laravel/Pharma-app/vendor/laravel/framework/src/Illuminate/Routing/Route.php(259): Illuminate\\Routing\\ControllerDispatcher->dispatch()
#2 /home/peter/iti/laravel/Pharma-app/vendor/laravel/framework/src/Illuminate/Routing/Route.php(205): Illuminate\\Routing\\Route->runController()
#3 /home/peter/iti/laravel/Pharma-app/vendor/laravel/framework/src/Illuminate/Routing/Router.php(799): Illuminate\\Routing\\Route->run()
#4 /home/peter/iti/laravel/Pharma-app/vendor/laravel/framework/src/Illuminate/Pipeline/Pipeline.php(141): Illuminate\\Routing\\Router->Illuminate\\Routing\\{closure}()
#5 /home/peter/iti/laravel/Pharma-app/vendor/laravel/framework/src/Illuminate/Routing/Middleware/SubstituteBindings.php(50): Illuminate\\Pipeline\\Pipeline->Illuminate\\Pipeline\\{closure}()
#6 /home/peter/iti/laravel/Pharma-app/vendor/laravel/framework/src/Illuminate/Pipeline/Pipeline.php(180): Illuminate\\Routing\\Middleware\\SubstituteBindings->handle()
#7 /home/peter/iti/laravel/Pharma-app/vendor/laravel/framework/src/Illuminate/Routing/Middleware/ThrottleRequests.php(159): Illuminate\\Pipeline\\Pipeline->Illuminate\\Pipeline\\{closure}()
#8 /home/peter/iti/laravel/Pharma-app/vendor/laravel/framework/src/Illuminate/Routing/Middleware/ThrottleRequests.php(125): Illuminate\\Routing\\Middleware\\ThrottleRequests->handleRequest()
#9 /home/peter/iti/laravel/Pharma-app/vendor/laravel/framework/src/Illuminate/Routing/Middleware/ThrottleRequests.php(87): Illuminate\\Routing\\Middleware\\ThrottleRequests->handleRequestUsingNamedLimiter()
#10 /home/peter/iti/laravel/Pharma-app/vendor/laravel/framework/src/Illuminate/Pipeline/Pipeline.php(180): Illuminate\\Routing\\Middleware\\ThrottleRequests->handle()
#11 /home/peter/iti/laravel/Pharma-app/vendor/laravel/framework/src/Illuminate/Pipeline/Pipeline.php(116): Illuminate\\Pipeline\\Pipeline->Illuminate\\Pipeline\\{closure}()
#12 /home/peter/iti/laravel/Pharma-app/vendor/laravel/framework/src/Illuminate/Routing/Router.php(798): Illuminate\\Pipeline\\Pipeline->then()
#13 /home/peter/iti/laravel/Pharma-app/vendor/laravel/framework/src/Illuminate/Routing/Router.php(777): Illuminate\\Routing\\Router->runRouteWithinStack()
#14 /home/peter/iti/laravel/Pharma-app/vendor/laravel/framework/src/Illuminate/Routing/Router.php(741): Illuminate\\Routing\\Router->runRoute()
#15 /home/peter/iti/laravel/Pharma-app/vendor/laravel/framework/src/Illuminate/Routing/Router.php(730): Illuminate\\Routing\\Router->dispatchToRoute()
#16 /home/peter/iti/laravel/Pharma-app/vendor/laravel/framework/src/Illuminate/Foundation/Http/Kernel.php(200): Illuminate\\Routing\\Router->dispatch()
#17 /home/peter/iti/laravel/Pharma-app/vendor/laravel/framework/src/Illuminate/Pipeline/Pipeline.php(141): Illuminate\\Foundation\\Http\\Kernel->Illuminate\\Foundation\\Http\\{closure}()
#18 /home/peter/iti/laravel/Pharma-app/vendor/laravel/framework/src/Illuminate/Foundation/Http/Middleware/TransformsRequest.php(21): Illuminate\\Pipeline\\Pipeline->Illuminate\\Pipeline\\{closure}()
#19 /home/peter/iti/laravel/Pharma-app/vendor/laravel/framework/src/Illuminate/Foundation/Http/Middleware/ConvertEmptyStringsToNull.php(31): Illuminate\\Foundation\\Http\\Middleware\\TransformsRequest->handle()
#20 /home/peter/iti/laravel/Pharma-app/vendor/laravel/framework/src/Illuminate/Pipeline/Pipeline.php(180): Illuminate\\Foundation\\Http\\Middleware\\ConvertEmptyStringsToNull->handle()
#21 /home/peter/iti/laravel/Pharma-app/vendor/laravel/framework/src/Illuminate/Foundation/Http/Middleware/TransformsRequest.php(21): Illuminate\\Pipeline\\Pipeline->Illuminate\\Pipeline\\{closure}()
#22 /home/peter/iti/laravel/Pharma-app/vendor/laravel/framework/src/Illuminate/Foundation/Http/Middleware/TrimStrings.php(40): Illuminate\\Foundation\\Http\\Middleware\\TransformsRequest->handle()
#23 /home/peter/iti/laravel/Pharma-app/vendor/laravel/framework/src/Illuminate/Pipeline/Pipeline.php(180): Illuminate\\Foundation\\Http\\Middleware\\TrimStrings->handle()
#24 /home/peter/iti/laravel/Pharma-app/vendor/laravel/framework/src/Illuminate/Foundation/Http/Middleware/ValidatePostSize.php(27): Illuminate\\Pipeline\\Pipeline->Illuminate\\Pipeline\\{closure}()
#25 /home/peter/iti/laravel/Pharma-app/vendor/laravel/framework/src/Illuminate/Pipeline/Pipeline.php(180): Illuminate\\Foundation\\Http\\Middleware\\ValidatePostSize->handle()
#26 /home/peter/iti/laravel/Pharma-app/vendor/laravel/framework/src/Illuminate/Foundation/Http/Middleware/PreventRequestsDuringMaintenance.php(99): Illuminate\\Pipeline\\Pipeline->Illuminate\\Pipeline\\{closure}()
#27 /home/peter/iti/laravel/Pharma-app/vendor/laravel/framework/src/Illuminate/Pipeline/Pipeline.php(180): Illuminate\\Foundation\\Http\\Middleware\\PreventRequestsDuringMaintenance->handle()
#28 /home/peter/iti/laravel/Pharma-app/vendor/laravel/framework/src/Illuminate/Http/Middleware/HandleCors.php(62): Illuminate\\Pipeline\\Pipeline->Illuminate\\Pipeline\\{closure}()
#29 /home/peter/iti/laravel/Pharma-app/vendor/laravel/framework/src/Illuminate/Pipeline/Pipeline.php(180): Illuminate\\Http\\Middleware\\HandleCors->handle()
#30 /home/peter/iti/laravel/Pharma-app/vendor/laravel/framework/src/Illuminate/Http/Middleware/TrustProxies.php(39): Illuminate\\Pipeline\\Pipeline->Illuminate\\Pipeline\\{closure}()
#31 /home/peter/iti/laravel/Pharma-app/vendor/laravel/framework/src/Illuminate/Pipeline/Pipeline.php(180): Illuminate\\Http\\Middleware\\TrustProxies->handle()
#32 /home/peter/iti/laravel/Pharma-app/vendor/laravel/framework/src/Illuminate/Pipeline/Pipeline.php(116): Illuminate\\Pipeline\\Pipeline->Illuminate\\Pipeline\\{closure}()
#33 /home/peter/iti/laravel/Pharma-app/vendor/laravel/framework/src/Illuminate/Foundation/Http/Kernel.php(175): Illuminate\\Pipeline\\Pipeline->then()
#34 /home/peter/iti/laravel/Pharma-app/vendor/laravel/framework/src/Illuminate/Foundation/Http/Kernel.php(144): Illuminate\\Foundation\\Http\\Kernel->sendRequestThroughRouter()
#35 /home/peter/iti/laravel/Pharma-app/public/index.php(51): Illuminate\\Foundation\\Http\\Kernel->handle()
#36 /home/peter/iti/laravel/Pharma-app/vendor/laravel/framework/src/Illuminate/Foundation/resources/server.php(16): require_once('...')
#37 {main}
"} 
[2023-10-25 00:44:10] local.ERROR: Magic request methods require a URI and optional options array {"exception":"[object] (GuzzleHttp\\Exception\\InvalidArgumentException(code: 0): Magic request methods require a URI and optional options array at /home/peter/iti/laravel/Pharma-app/vendor/guzzlehttp/guzzle/src/Client.php:84)
[stacktrace]
#0 /home/peter/iti/laravel/Pharma-app/vendor/laravel/framework/src/Illuminate/Routing/ControllerDispatcher.php(46): GuzzleHttp\\Client->__call()
#1 /home/peter/iti/laravel/Pharma-app/vendor/laravel/framework/src/Illuminate/Routing/Route.php(259): Illuminate\\Routing\\ControllerDispatcher->dispatch()
#2 /home/peter/iti/laravel/Pharma-app/vendor/laravel/framework/src/Illuminate/Routing/Route.php(205): Illuminate\\Routing\\Route->runController()
#3 /home/peter/iti/laravel/Pharma-app/vendor/laravel/framework/src/Illuminate/Routing/Router.php(799): Illuminate\\Routing\\Route->run()
#4 /home/peter/iti/laravel/Pharma-app/vendor/laravel/framework/src/Illuminate/Pipeline/Pipeline.php(141): Illuminate\\Routing\\Router->Illuminate\\Routing\\{closure}()
#5 /home/peter/iti/laravel/Pharma-app/vendor/laravel/framework/src/Illuminate/Routing/Middleware/SubstituteBindings.php(50): Illuminate\\Pipeline\\Pipeline->Illuminate\\Pipeline\\{closure}()
#6 /home/peter/iti/laravel/Pharma-app/vendor/laravel/framework/src/Illuminate/Pipeline/Pipeline.php(180): Illuminate\\Routing\\Middleware\\SubstituteBindings->handle()
#7 /home/peter/iti/laravel/Pharma-app/vendor/laravel/framework/src/Illuminate/Routing/Middleware/ThrottleRequests.php(159): Illuminate\\Pipeline\\Pipeline->Illuminate\\Pipeline\\{closure}()
#8 /home/peter/iti/laravel/Pharma-app/vendor/laravel/framework/src/Illuminate/Routing/Middleware/ThrottleRequests.php(125): Illuminate\\Routing\\Middleware\\ThrottleRequests->handleRequest()
#9 /home/peter/iti/laravel/Pharma-app/vendor/laravel/framework/src/Illuminate/Routing/Middleware/ThrottleRequests.php(87): Illuminate\\Routing\\Middleware\\ThrottleRequests->handleRequestUsingNamedLimiter()
#10 /home/peter/iti/laravel/Pharma-app/vendor/laravel/framework/src/Illuminate/Pipeline/Pipeline.php(180): Illuminate\\Routing\\Middleware\\ThrottleRequests->handle()
#11 /home/peter/iti/laravel/Pharma-app/vendor/laravel/framework/src/Illuminate/Pipeline/Pipeline.php(116): Illuminate\\Pipeline\\Pipeline->Illuminate\\Pipeline\\{closure}()
#12 /home/peter/iti/laravel/Pharma-app/vendor/laravel/framework/src/Illuminate/Routing/Router.php(798): Illuminate\\Pipeline\\Pipeline->then()
#13 /home/peter/iti/laravel/Pharma-app/vendor/laravel/framework/src/Illuminate/Routing/Router.php(777): Illuminate\\Routing\\Router->runRouteWithinStack()
#14 /home/peter/iti/laravel/Pharma-app/vendor/laravel/framework/src/Illuminate/Routing/Router.php(741): Illuminate\\Routing\\Router->runRoute()
#15 /home/peter/iti/laravel/Pharma-app/vendor/laravel/framework/src/Illuminate/Routing/Router.php(730): Illuminate\\Routing\\Router->dispatchToRoute()
#16 /home/peter/iti/laravel/Pharma-app/vendor/laravel/framework/src/Illuminate/Foundation/Http/Kernel.php(200): Illuminate\\Routing\\Router->dispatch()
#17 /home/peter/iti/laravel/Pharma-app/vendor/laravel/framework/src/Illuminate/Pipeline/Pipeline.php(141): Illuminate\\Foundation\\Http\\Kernel->Illuminate\\Foundation\\Http\\{closure}()
#18 /home/peter/iti/laravel/Pharma-app/vendor/laravel/framework/src/Illuminate/Foundation/Http/Middleware/TransformsRequest.php(21): Illuminate\\Pipeline\\Pipeline->Illuminate\\Pipeline\\{closure}()
#19 /home/peter/iti/laravel/Pharma-app/vendor/laravel/framework/src/Illuminate/Foundation/Http/Middleware/ConvertEmptyStringsToNull.php(31): Illuminate\\Foundation\\Http\\Middleware\\TransformsRequest->handle()
#20 /home/peter/iti/laravel/Pharma-app/vendor/laravel/framework/src/Illuminate/Pipeline/Pipeline.php(180): Illuminate\\Foundation\\Http\\Middleware\\ConvertEmptyStringsToNull->handle()
#21 /home/peter/iti/laravel/Pharma-app/vendor/laravel/framework/src/Illuminate/Foundation/Http/Middleware/TransformsRequest.php(21): Illuminate\\Pipeline\\Pipeline->Illuminate\\Pipeline\\{closure}()
#22 /home/peter/iti/laravel/Pharma-app/vendor/laravel/framework/src/Illuminate/Foundation/Http/Middleware/TrimStrings.php(40): Illuminate\\Foundation\\Http\\Middleware\\TransformsRequest->handle()
#23 /home/peter/iti/laravel/Pharma-app/vendor/laravel/framework/src/Illuminate/Pipeline/Pipeline.php(180): Illuminate\\Foundation\\Http\\Middleware\\TrimStrings->handle()
#24 /home/peter/iti/laravel/Pharma-app/vendor/laravel/framework/src/Illuminate/Foundation/Http/Middleware/ValidatePostSize.php(27): Illuminate\\Pipeline\\Pipeline->Illuminate\\Pipeline\\{closure}()
#25 /home/peter/iti/laravel/Pharma-app/vendor/laravel/framework/src/Illuminate/Pipeline/Pipeline.php(180): Illuminate\\Foundation\\Http\\Middleware\\ValidatePostSize->handle()
#26 /home/peter/iti/laravel/Pharma-app/vendor/laravel/framework/src/Illuminate/Foundation/Http/Middleware/PreventRequestsDuringMaintenance.php(99): Illuminate\\Pipeline\\Pipeline->Illuminate\\Pipeline\\{closure}()
#27 /home/peter/iti/laravel/Pharma-app/vendor/laravel/framework/src/Illuminate/Pipeline/Pipeline.php(180): Illuminate\\Foundation\\Http\\Middleware\\PreventRequestsDuringMaintenance->handle()
#28 /home/peter/iti/laravel/Pharma-app/vendor/laravel/framework/src/Illuminate/Http/Middleware/HandleCors.php(62): Illuminate\\Pipeline\\Pipeline->Illuminate\\Pipeline\\{closure}()
#29 /home/peter/iti/laravel/Pharma-app/vendor/laravel/framework/src/Illuminate/Pipeline/Pipeline.php(180): Illuminate\\Http\\Middleware\\HandleCors->handle()
#30 /home/peter/iti/laravel/Pharma-app/vendor/laravel/framework/src/Illuminate/Http/Middleware/TrustProxies.php(39): Illuminate\\Pipeline\\Pipeline->Illuminate\\Pipeline\\{closure}()
#31 /home/peter/iti/laravel/Pharma-app/vendor/laravel/framework/src/Illuminate/Pipeline/Pipeline.php(180): Illuminate\\Http\\Middleware\\TrustProxies->handle()
#32 /home/peter/iti/laravel/Pharma-app/vendor/laravel/framework/src/Illuminate/Pipeline/Pipeline.php(116): Illuminate\\Pipeline\\Pipeline->Illuminate\\Pipeline\\{closure}()
#33 /home/peter/iti/laravel/Pharma-app/vendor/laravel/framework/src/Illuminate/Foundation/Http/Kernel.php(175): Illuminate\\Pipeline\\Pipeline->then()
#34 /home/peter/iti/laravel/Pharma-app/vendor/laravel/framework/src/Illuminate/Foundation/Http/Kernel.php(144): Illuminate\\Foundation\\Http\\Kernel->sendRequestThroughRouter()
#35 /home/peter/iti/laravel/Pharma-app/public/index.php(51): Illuminate\\Foundation\\Http\\Kernel->handle()
#36 /home/peter/iti/laravel/Pharma-app/vendor/laravel/framework/src/Illuminate/Foundation/resources/server.php(16): require_once('...')
#37 {main}
"} 
[2023-10-25 10:36:42] local.ERROR: Class "Database\Factories\Client_PhoneFactory" not found {"exception":"[object] (Error(code: 0): Class \"Database\\Factories\\Client_PhoneFactory\" not found at /home/peter/iti/laravel/Pharma-app/vendor/laravel/framework/src/Illuminate/Database/Eloquent/Factories/Factory.php:829)
[stacktrace]
#0 /home/peter/iti/laravel/Pharma-app/vendor/laravel/framework/src/Illuminate/Database/Eloquent/Factories/HasFactory.php(16): Illuminate\\Database\\Eloquent\\Factories\\Factory::factoryForModel()
#1 /home/peter/iti/laravel/Pharma-app/database/seeders/ClientPhonesTableSeeder.php(16): App\\Models\\Client_Phone::factory()
#2 /home/peter/iti/laravel/Pharma-app/vendor/laravel/framework/src/Illuminate/Container/BoundMethod.php(36): Database\\Seeders\\ClientPhonesTableSeeder->run()
#3 /home/peter/iti/laravel/Pharma-app/vendor/laravel/framework/src/Illuminate/Container/Util.php(41): Illuminate\\Container\\BoundMethod::Illuminate\\Container\\{closure}()
#4 /home/peter/iti/laravel/Pharma-app/vendor/laravel/framework/src/Illuminate/Container/BoundMethod.php(93): Illuminate\\Container\\Util::unwrapIfClosure()
#5 /home/peter/iti/laravel/Pharma-app/vendor/laravel/framework/src/Illuminate/Container/BoundMethod.php(35): Illuminate\\Container\\BoundMethod::callBoundMethod()
#6 /home/peter/iti/laravel/Pharma-app/vendor/laravel/framework/src/Illuminate/Container/Container.php(662): Illuminate\\Container\\BoundMethod::call()
#7 /home/peter/iti/laravel/Pharma-app/vendor/laravel/framework/src/Illuminate/Database/Seeder.php(184): Illuminate\\Container\\Container->call()
#8 /home/peter/iti/laravel/Pharma-app/vendor/laravel/framework/src/Illuminate/Database/Seeder.php(193): Illuminate\\Database\\Seeder->Illuminate\\Database\\{closure}()
#9 /home/peter/iti/laravel/Pharma-app/vendor/laravel/framework/src/Illuminate/Database/Seeder.php(61): Illuminate\\Database\\Seeder->__invoke()
#10 /home/peter/iti/laravel/Pharma-app/database/seeders/DatabaseSeeder.php(17): Illuminate\\Database\\Seeder->call()
#11 /home/peter/iti/laravel/Pharma-app/vendor/laravel/framework/src/Illuminate/Container/BoundMethod.php(36): Database\\Seeders\\DatabaseSeeder->run()
#12 /home/peter/iti/laravel/Pharma-app/vendor/laravel/framework/src/Illuminate/Container/Util.php(41): Illuminate\\Container\\BoundMethod::Illuminate\\Container\\{closure}()
#13 /home/peter/iti/laravel/Pharma-app/vendor/laravel/framework/src/Illuminate/Container/BoundMethod.php(93): Illuminate\\Container\\Util::unwrapIfClosure()
#14 /home/peter/iti/laravel/Pharma-app/vendor/laravel/framework/src/Illuminate/Container/BoundMethod.php(35): Illuminate\\Container\\BoundMethod::callBoundMethod()
#15 /home/peter/iti/laravel/Pharma-app/vendor/laravel/framework/src/Illuminate/Container/Container.php(662): Illuminate\\Container\\BoundMethod::call()
#16 /home/peter/iti/laravel/Pharma-app/vendor/laravel/framework/src/Illuminate/Database/Seeder.php(184): Illuminate\\Container\\Container->call()
#17 /home/peter/iti/laravel/Pharma-app/vendor/laravel/framework/src/Illuminate/Database/Seeder.php(193): Illuminate\\Database\\Seeder->Illuminate\\Database\\{closure}()
#18 /home/peter/iti/laravel/Pharma-app/vendor/laravel/framework/src/Illuminate/Database/Console/Seeds/SeedCommand.php(70): Illuminate\\Database\\Seeder->__invoke()
#19 /home/peter/iti/laravel/Pharma-app/vendor/laravel/framework/src/Illuminate/Database/Eloquent/Concerns/GuardsAttributes.php(155): Illuminate\\Database\\Console\\Seeds\\SeedCommand->Illuminate\\Database\\Console\\Seeds\\{closure}()
#20 /home/peter/iti/laravel/Pharma-app/vendor/laravel/framework/src/Illuminate/Database/Console/Seeds/SeedCommand.php(69): Illuminate\\Database\\Eloquent\\Model::unguarded()
#21 /home/peter/iti/laravel/Pharma-app/vendor/laravel/framework/src/Illuminate/Container/BoundMethod.php(36): Illuminate\\Database\\Console\\Seeds\\SeedCommand->handle()
#22 /home/peter/iti/laravel/Pharma-app/vendor/laravel/framework/src/Illuminate/Container/Util.php(41): Illuminate\\Container\\BoundMethod::Illuminate\\Container\\{closure}()
#23 /home/peter/iti/laravel/Pharma-app/vendor/laravel/framework/src/Illuminate/Container/BoundMethod.php(93): Illuminate\\Container\\Util::unwrapIfClosure()
#24 /home/peter/iti/laravel/Pharma-app/vendor/laravel/framework/src/Illuminate/Container/BoundMethod.php(35): Illuminate\\Container\\BoundMethod::callBoundMethod()
#25 /home/peter/iti/laravel/Pharma-app/vendor/laravel/framework/src/Illuminate/Container/Container.php(662): Illuminate\\Container\\BoundMethod::call()
#26 /home/peter/iti/laravel/Pharma-app/vendor/laravel/framework/src/Illuminate/Console/Command.php(211): Illuminate\\Container\\Container->call()
#27 /home/peter/iti/laravel/Pharma-app/vendor/symfony/console/Command/Command.php(326): Illuminate\\Console\\Command->execute()
#28 /home/peter/iti/laravel/Pharma-app/vendor/laravel/framework/src/Illuminate/Console/Command.php(180): Symfony\\Component\\Console\\Command\\Command->run()
#29 /home/peter/iti/laravel/Pharma-app/vendor/symfony/console/Application.php(1081): Illuminate\\Console\\Command->run()
#30 /home/peter/iti/laravel/Pharma-app/vendor/symfony/console/Application.php(320): Symfony\\Component\\Console\\Application->doRunCommand()
#31 /home/peter/iti/laravel/Pharma-app/vendor/symfony/console/Application.php(174): Symfony\\Component\\Console\\Application->doRun()
#32 /home/peter/iti/laravel/Pharma-app/vendor/laravel/framework/src/Illuminate/Foundation/Console/Kernel.php(201): Symfony\\Component\\Console\\Application->run()
#33 /home/peter/iti/laravel/Pharma-app/artisan(35): Illuminate\\Foundation\\Console\\Kernel->handle()
#34 {main}
"} 
